This is pdfeTeX, Version 3.141592-1.21a-2.2 (Web2C 7.5.4) (format=pdflatex 2008.1.1)  17 DEC 2015 22:49
entering extended mode
**climax.tex
(./climax.tex
LaTeX2e <2003/12/01>
Babel <v3.8d> and hyphenation patterns for american, french, german, ngerman, b
ahasa, basque, bulgarian, catalan, croatian, czech, danish, dutch, esperanto, e
stonian, finnish, greek, icelandic, irish, italian, latin, magyar, norsk, polis
h, portuges, romanian, russian, serbian, slovak, slovene, spanish, swedish, tur
kish, ukrainian, nohyphenation, loaded.
(/sw/share/texmf-dist/tex/latex/base/article.cls
Document Class: article 2004/02/16 v1.4f Standard LaTeX document class
(/sw/share/texmf-dist/tex/latex/base/size11.clo
File: size11.clo 2004/02/16 v1.4f Standard LaTeX file (size option)
)
\c@part=\count79
\c@section=\count80
\c@subsection=\count81
\c@subsubsection=\count82
\c@paragraph=\count83
\c@subparagraph=\count84
\c@figure=\count85
\c@table=\count86
\abovecaptionskip=\skip41
\belowcaptionskip=\skip42
\bibindent=\dimen102
)
(/sw/share/texmf-dist/tex/latex/natbib/natbib.sty
Package: natbib 2003/06/06 7.1 (PWD)
\bibhang=\skip43
\bibsep=\skip44
LaTeX Info: Redefining \cite on input line 518.
\c@NAT@ctr=\count87
) (./aas_macros.sty)
(/sw/share/texmf-dist/tex/latex/graphics/graphicx.sty
Package: graphicx 1999/02/16 v1.0f Enhanced LaTeX Graphics (DPC,SPQR)

(/sw/share/texmf-dist/tex/latex/graphics/keyval.sty
Package: keyval 1999/03/16 v1.13 key=value parser (DPC)
\KV@toks@=\toks14
)
(/sw/share/texmf-dist/tex/latex/graphics/graphics.sty
Package: graphics 2001/07/07 v1.0n Standard LaTeX Graphics (DPC,SPQR)

(/sw/share/texmf-dist/tex/latex/graphics/trig.sty
Package: trig 1999/03/16 v1.09 sin cos tan (DPC)
)
(/sw/share/texmf-dist/tex/latex/graphics/graphics.cfg
File: graphics.cfg 2005/02/03 v1.3 graphics configuration of teTeX/TeXLive
)
Package graphics Info: Driver file: pdftex.def on input line 80.

(/sw/share/texmf-dist/tex/latex/graphics/pdftex.def
File: pdftex.def 2002/06/19 v0.03k graphics/color for pdftex
\Gread@gobject=\count88
))
\Gin@req@height=\dimen103
\Gin@req@width=\dimen104
)
(/sw/share/texmf-dist/tex/latex/setspace/setspace.sty
Package: setspace 2000/12/01 6.7 Contributed and Supported LaTeX2e package

Package: `setspace' 6.7 <2000/12/01>
) (/sw/share/texmf-dist/tex/latex/hyperref/hyperref.sty
Package: hyperref 2003/11/30 v6.74m Hypertext links for LaTeX
\@linkdim=\dimen105
\Hy@linkcounter=\count89
\Hy@pagecounter=\count90

(/sw/share/texmf-dist/tex/latex/hyperref/pd1enc.def
File: pd1enc.def 2003/11/30 v6.74m Hyperref: PDFDocEncoding definition (HO)
)
(/sw/share/texmf-dist/tex/latex/hyperref/hyperref.cfg
File: hyperref.cfg 2002/06/06 v1.2 hyperref configuration of TeXLive and teTeX
)
Package hyperref Info: Hyper figures OFF on input line 1880.
Package hyperref Info: Link nesting OFF on input line 1885.
Package hyperref Info: Hyper index ON on input line 1888.
Package hyperref Info: Plain pages ON on input line 1893.
Package hyperref Info: Backreferencing OFF on input line 1900.

Implicit mode ON; LaTeX internals redefined
Package hyperref Info: Bookmarks ON on input line 2004.
(/sw/share/texmf-dist/tex/latex/url/url.sty
\Urlmuskip=\muskip10
Package: url 2004/03/15  ver 3.1  Verb mode for urls, etc.
)
LaTeX Info: Redefining \url on input line 2143.
\Fld@menulength=\count91
\Field@Width=\dimen106
\Fld@charsize=\dimen107
\Choice@toks=\toks15
\Field@toks=\toks16
Package hyperref Info: Hyper figures OFF on input line 2618.
Package hyperref Info: Link nesting OFF on input line 2623.
Package hyperref Info: Hyper index ON on input line 2626.
Package hyperref Info: backreferencing OFF on input line 2633.
Package hyperref Info: Link coloring OFF on input line 2638.
\c@Item=\count92
\c@Hfootnote=\count93
)
*hyperref using default driver hpdftex*
(/sw/share/texmf-dist/tex/latex/hyperref/hpdftex.def
File: hpdftex.def 2003/11/30 v6.74m Hyperref driver for pdfTeX

(/sw/share/texmf-dist/tex/latex/psnfss/pifont.sty
Package: pifont 2004/09/15 PSNFSS-v9.2 Pi font support (SPQR) 
LaTeX Font Info:    Try loading font information for U+pzd on input line 63.

(/sw/share/texmf-dist/tex/latex/psnfss/upzd.fd
File: upzd.fd 2001/06/04 font definitions for U/pzd.
)
LaTeX Font Info:    Try loading font information for U+psy on input line 64.

(/sw/share/texmf-dist/tex/latex/psnfss/upsy.fd
File: upsy.fd 2001/06/04 font definitions for U/psy.
))
\Fld@listcount=\count94
\@outlinefile=\write3
)
(/sw/share/texmf-dist/tex/latex/graphics/color.sty
Package: color 1999/02/16 v1.0i Standard LaTeX Color (DPC)

(/sw/share/texmf-dist/tex/latex/graphics/color.cfg
File: color.cfg 2005/02/03 v1.3 color configuration of teTeX/TeXLive
)
Package color Info: Driver file: pdftex.def on input line 125.
) (./defs.tex) (./climax.aux)
\openout1 = `climax.aux'.

LaTeX Font Info:    Checking defaults for OML/cmm/m/it on input line 29.
LaTeX Font Info:    ... okay on input line 29.
LaTeX Font Info:    Checking defaults for T1/cmr/m/n on input line 29.
LaTeX Font Info:    ... okay on input line 29.
LaTeX Font Info:    Checking defaults for OT1/cmr/m/n on input line 29.
LaTeX Font Info:    ... okay on input line 29.
LaTeX Font Info:    Checking defaults for OMS/cmsy/m/n on input line 29.
LaTeX Font Info:    ... okay on input line 29.
LaTeX Font Info:    Checking defaults for OMX/cmex/m/n on input line 29.
LaTeX Font Info:    ... okay on input line 29.
LaTeX Font Info:    Checking defaults for U/cmr/m/n on input line 29.
LaTeX Font Info:    ... okay on input line 29.
LaTeX Font Info:    Checking defaults for PD1/pdf/m/n on input line 29.
LaTeX Font Info:    ... okay on input line 29.
 (/sw/share/texmf-dist/tex/context/base/supp-pdf.tex
(/sw/share/texmf-dist/tex/context/base/supp-mis.tex
loading : Context Support Macros / Miscellaneous (2004.10.26)
\protectiondepth=\count95
\scratchcounter=\count96
\scratchtoks=\toks17
\scratchdimen=\dimen108
\scratchskip=\skip45
\scratchmuskip=\muskip11
\scratchbox=\box26
\scratchread=\read1
\scratchwrite=\write4
\zeropoint=\dimen109
\onepoint=\dimen110
\onebasepoint=\dimen111
\minusone=\count97
\thousandpoint=\dimen112
\onerealpoint=\dimen113
\emptytoks=\toks18
\nextbox=\box27
\nextdepth=\dimen114
\everyline=\toks19
\!!counta=\count98
\!!countb=\count99
\recursecounter=\count100
)
loading : Context Support Macros / PDF (2004.03.26)
\nofMPsegments=\count101
\nofMParguments=\count102
\MPscratchCnt=\count103
\MPscratchDim=\dimen115
\MPnumerator=\count104
\everyMPtoPDFconversion=\toks20
)
Package hyperref Info: Link coloring OFF on input line 29.
 (/sw/share/texmf-dist/tex/latex/hyperref/nameref.sty
Package: nameref 2003/12/03 v2.21 Cross-referencing by name of section
\c@section@level=\count105
)
LaTeX Info: Redefining \ref on input line 29.
LaTeX Info: Redefining \pageref on input line 29.
 (./climax.out)
(./climax.out)
\openout3 = `climax.out'.

 [1

{/sw/var/lib/texmf/fonts/map/pdftex/updmap/pdftex.map}]
(./climax.toc
LaTeX Font Info:    External font `cmex10' loaded for size
(Font)              <10.95> on input line 2.
LaTeX Font Info:    External font `cmex10' loaded for size
(Font)              <8> on input line 2.
LaTeX Font Info:    External font `cmex10' loaded for size
(Font)              <6> on input line 2.
 [2] [3])
\tf@toc=\write5
\openout5 = `climax.toc'.

 [4] (./howto.tex
LaTeX Font Info:    Try loading font information for OMS+cmr on input line 5.

(/sw/share/texmf-dist/tex/latex/base/omscmr.fd
File: omscmr.fd 1999/05/25 v2.5h Standard LaTeX font definitions
)
LaTeX Font Info:    Font shape `OMS/cmr/m/n' in size <10.95> not available
(Font)              Font shape `OMS/cmsy/m/n' tried instead on input line 5.
 [5] [6]
Underfull \hbox (badness 10000) in paragraph at lines 178--186

 []


Underfull \hbox (badness 10000) in paragraph at lines 178--186

 []

[7]
Underfull \hbox (badness 10000) in paragraph at lines 196--215

 []


Underfull \hbox (badness 10000) in paragraph at lines 196--215

 []


Underfull \hbox (badness 10000) in paragraph at lines 196--215

 []

[8]

Package hyperref Warning: Token not allowed in a PDFDocEncoded string,
(hyperref)                removing `\<def>-command' on input line 290.


Package hyperref Warning: Token not allowed in a PDFDocEncoded string,
(hyperref)                removing `\f@encoding' on input line 290.


Package hyperref Warning: Token not allowed in a PDFDocEncoded string,
(hyperref)                removing `\<let>-command' on input line 290.


Package hyperref Warning: Token not allowed in a PDFDocEncoded string,
(hyperref)                removing `\<def>-command' on input line 290.


Package hyperref Warning: Token not allowed in a PDFDocEncoded string,
(hyperref)                removing `\f@family' on input line 290.


Package hyperref Warning: Token not allowed in a PDFDocEncoded string,
(hyperref)                removing `\<def>-command' on input line 290.


Package hyperref Warning: Token not allowed in a PDFDocEncoded string,
(hyperref)                removing `\f@series' on input line 290.


Package hyperref Warning: Token not allowed in a PDFDocEncoded string,
(hyperref)                removing `\<def>-command' on input line 290.


Package hyperref Warning: Token not allowed in a PDFDocEncoded string,
(hyperref)                removing `\f@shape' on input line 290.


Package hyperref Warning: Token not allowed in a PDFDocEncoded string,
(hyperref)                removing `\<def>-command' on input line 290.


Package hyperref Warning: Token not allowed in a PDFDocEncoded string,
(hyperref)                removing `\font@name' on input line 290.


Package hyperref Warning: Token not allowed in a PDFDocEncoded string,
(hyperref)                removing `\OT1/cmr/m/sc/10.95' on input line 290.


Package hyperref Warning: Token not allowed in a PDFDocEncoded string,
(hyperref)                removing `\ignorespaces' on input line 290.


Package hyperref Warning: Token not allowed in a PDFDocEncoded string,
(hyperref)                removing `\<def>-command' on input line 290.


Package hyperref Warning: Token not allowed in a PDFDocEncoded string,
(hyperref)                removing `\f@shape' on input line 290.


Package hyperref Warning: Token not allowed in a PDFDocEncoded string,
(hyperref)                removing `\<def>-command' on input line 290.


Package hyperref Warning: Token not allowed in a PDFDocEncoded string,
(hyperref)                removing `\font@name' on input line 290.


Package hyperref Warning: Token not allowed in a PDFDocEncoded string,
(hyperref)                removing `\OT1/cmr/m/sc/10.95' on input line 290.

[9]) [10] (./theory.tex (./szeffect.tex
<figures/szmodel.jpg, id=393, 337.86224pt x 158.994pt>
File: figures/szmodel.jpg Graphic file (type jpg)

<use figures/szmodel.jpg> [11 <./figures/szmodel.jpg>]) (./comptonization.tex
[12] [13
! pdfTeX warning (ext4): destination with the same identifier (name{equation.17
}) has been already used, duplicate ignored
<to be read again> 
                   \endgroup \set@typeset@protect 
l.57 \end{equation}
                   ] <figures/gx.png, id=443, 794.97pt x 614.295pt>
File: figures/gx.png Graphic file (type png)

<use figures/gx.png>) (./integrated.tex [14] [15
! pdfTeX warning (ext4): destination with the same identifier (name{equation.25
}) has been already used, duplicate ignored
<to be read again> 
                   \endgroup \set@typeset@protect 
l.27 \begin{eqnarray}
                      <./figures/gx.png>]) (./sanityChecks.tex [16])
(./selfsimilar.tex [17] [18])) [19] (./models.tex (./szmodels.tex
(./betamodel.tex

Package hyperref Warning: Token not allowed in a PDFDocEncoded string,
(hyperref)                removing `math shift' on input line 1.


Package hyperref Warning: Token not allowed in a PDFDocEncoded string,
(hyperref)                removing `\beta' on input line 1.


Package hyperref Warning: Token not allowed in a PDFDocEncoded string,
(hyperref)                removing `math shift' on input line 1.

) (./gnfwmodel.tex
Overfull \hbox (0.51453pt too wide) in paragraph at lines 25--27
[]\OT1/cmr/m/n/10.95 The gen-er-al-ized NFW model can be used in \OT1/cmr/m/sc/
10.95 Cli-max \OT1/cmr/m/n/10.95 by in-vok-ing \OT1/cmtt/m/n/10.95 addmodel \OT
1/cmr/m/n/10.95 with \OT1/cmtt/m/n/10.95 type = gnfwmodel\OT1/cmr/m/n/10.95 . 
 []

[20])) (./gnfwproblems.tex [21] [22] [23]
<figures/rescale.png, id=562, 653.44125pt x 574.145pt>
File: figures/rescale.png Graphic file (type png)

<use figures/rescale.png>) [24 <./figures/rescale.png>]) [25] (./datasets.tex
[26] [27] [28] [29]
Underfull \hbox (badness 10000) in paragraph at lines 266--269

 []

[30] [31] [32
! pdfTeX warning (ext4): destination with the same identifier (name{equation.83
}) has been already used, duplicate ignored
<to be read again> 
                   \endgroup \set@typeset@protect 
l.409 \end{verbatim}
                    ] [33] [34]
! pdfTeX warning (ext4): destination with the same identifier (name{equation.95
}) has been already used, duplicate ignored
<to be read again> 
                   \penalty 
l.537 \begin{equation}
                      
! pdfTeX warning (ext4): destination with the same identifier (name{equation.95
}) has been already used, duplicate ignored
<to be read again> 
                   \penalty 
l.537 \begin{equation}
                      
! pdfTeX warning (ext4): destination with the same identifier (name{equation.95
}) has been already used, duplicate ignored
<to be read again> 
                   \penalty 
l.537 \begin{equation}
                      
! pdfTeX warning (ext4): destination with the same identifier (name{equation.95
}) has been already used, duplicate ignored
<to be read again> 
                   \penalty 
l.537 \begin{equation}
                      
Underfull \hbox (badness 10000) in paragraph at lines 582--583

 []

[35] [36]) [37] (./consistency.tex
LaTeX Font Info:    External font `cmex10' loaded for size
(Font)              <12> on input line 6.


Package hyperref Warning: Token not allowed in a PDFDocEncoded string,
(hyperref)                removing `math shift' on input line 6.


Package hyperref Warning: Token not allowed in a PDFDocEncoded string,
(hyperref)                removing `\beta' on input line 6.


Package hyperref Warning: Token not allowed in a PDFDocEncoded string,
(hyperref)                removing `math shift' on input line 6.


Package hyperref Warning: Token not allowed in a PDFDocEncoded string,
(hyperref)                removing `\<def>-command' on input line 6.


Package hyperref Warning: Token not allowed in a PDFDocEncoded string,
(hyperref)                removing `\f@encoding' on input line 6.


Package hyperref Warning: Token not allowed in a PDFDocEncoded string,
(hyperref)                removing `\<let>-command' on input line 6.


Package hyperref Warning: Token not allowed in a PDFDocEncoded string,
(hyperref)                removing `\<def>-command' on input line 6.


Package hyperref Warning: Token not allowed in a PDFDocEncoded string,
(hyperref)                removing `\f@family' on input line 6.


Package hyperref Warning: Token not allowed in a PDFDocEncoded string,
(hyperref)                removing `\<def>-command' on input line 6.


Package hyperref Warning: Token not allowed in a PDFDocEncoded string,
(hyperref)                removing `\f@series' on input line 6.


Package hyperref Warning: Token not allowed in a PDFDocEncoded string,
(hyperref)                removing `\<def>-command' on input line 6.


Package hyperref Warning: Token not allowed in a PDFDocEncoded string,
(hyperref)                removing `\f@shape' on input line 6.


Package hyperref Warning: Token not allowed in a PDFDocEncoded string,
(hyperref)                removing `\<def>-command' on input line 6.


Package hyperref Warning: Token not allowed in a PDFDocEncoded string,
(hyperref)                removing `\font@name' on input line 6.


Package hyperref Warning: Token not allowed in a PDFDocEncoded string,
(hyperref)                removing `\OT1/cmr/m/it/12' on input line 6.


Package hyperref Warning: Token not allowed in a PDFDocEncoded string,
(hyperref)                removing `\ignorespaces' on input line 6.

[38] <figures/climax_markov_comp.png, id=694, 687.56876pt x 1004.75375pt>
File: figures/climax_markov_comp.png Graphic file (type png)

<use figures/climax_markov_comp.png> [39 <./figures/climax_markov_comp.png>]
[40] <figures/beta_model_comps.png, id=708, 617.30624pt x 1265.72874pt>
File: figures/beta_model_comps.png Graphic file (type png)

<use figures/beta_model_comps.png> [41 <./figures/beta_model_comps.png>]

Package hyperref Warning: Token not allowed in a PDFDocEncoded string,
(hyperref)                removing `\<def>-command' on input line 88.


Package hyperref Warning: Token not allowed in a PDFDocEncoded string,
(hyperref)                removing `\f@encoding' on input line 88.


Package hyperref Warning: Token not allowed in a PDFDocEncoded string,
(hyperref)                removing `\<let>-command' on input line 88.


Package hyperref Warning: Token not allowed in a PDFDocEncoded string,
(hyperref)                removing `\<def>-command' on input line 88.


Package hyperref Warning: Token not allowed in a PDFDocEncoded string,
(hyperref)                removing `\f@family' on input line 88.


Package hyperref Warning: Token not allowed in a PDFDocEncoded string,
(hyperref)                removing `\<def>-command' on input line 88.


Package hyperref Warning: Token not allowed in a PDFDocEncoded string,
(hyperref)                removing `\f@series' on input line 88.


Package hyperref Warning: Token not allowed in a PDFDocEncoded string,
(hyperref)                removing `\<def>-command' on input line 88.


Package hyperref Warning: Token not allowed in a PDFDocEncoded string,
(hyperref)                removing `\f@shape' on input line 88.


Package hyperref Warning: Token not allowed in a PDFDocEncoded string,
(hyperref)                removing `\<def>-command' on input line 88.


Package hyperref Warning: Token not allowed in a PDFDocEncoded string,
(hyperref)                removing `\font@name' on input line 88.


Package hyperref Warning: Token not allowed in a PDFDocEncoded string,
(hyperref)                removing `\OT1/cmr/m/it/12' on input line 88.


Package hyperref Warning: Token not allowed in a PDFDocEncoded string,
(hyperref)                removing `\ignorespaces' on input line 88.

[42]
<figures/climax_markov_nagai_comp.png, id=723, 719.68875pt x 1083.04625pt>
File: figures/climax_markov_nagai_comp.png Graphic file (type png)

<use figures/climax_markov_nagai_comp.png>) [43 <./figures/climax_markov_nagai_
comp.png>] (./details.tex (./sampling.tex
! pdfTeX warning (ext4): destination with the same identifier (name{equation.10
0}) has been already used, duplicate ignored
<to be read again> 
                   \penalty 
l.5 \begin{equation}
                    
! pdfTeX warning (ext4): destination with the same identifier (name{equation.10
0}) has been already used, duplicate ignored
<to be read again> 
                   \penalty 
l.5 \begin{equation}
                    
! pdfTeX warning (ext4): destination with the same identifier (name{equation.10
0}) has been already used, duplicate ignored
<to be read again> 
                   \penalty 
l.5 \begin{equation}
                    
! pdfTeX warning (ext4): destination with the same identifier (name{equation.10
0}) has been already used, duplicate ignored
<to be read again> 
                   \penalty 
l.5 \begin{equation}
                    ) (./convergence.tex [44] [45
! pdfTeX warning (ext4): destination with the same identifier (name{equation.11
1}) has been already used, duplicate ignored
<to be read again> 
                   \endgroup \set@typeset@protect 
l.60 \end{eqnarray}
                   
! pdfTeX warning (ext4): destination with the same identifier (name{equation.11
1}) has been already used, duplicate ignored
<to be read again> 
                   \endgroup \set@typeset@protect 
l.60 \end{eqnarray}
                   ]) (./likelihood.tex [46]) (./evidence.tex [47] [48]))
[49] (./todo.tex) [50] (./climax.bbl) [51] (./climax.aux)

LaTeX Warning: Label(s) may have changed. Rerun to get cross-references right.

 ) 
Here is how much of TeX's memory you used:
 3475 strings out of 94500
 45562 string characters out of 1176115
 98741 words of memory out of 1000000
 6302 multiletter control sequences out of 10000+50000
 12338 words of font info for 44 fonts, out of 500000 for 2000
 580 hyphenation exceptions out of 1000
 27i,11n,41p,648b,334s stack positions out of 1500i,500n,5000p,200000b,5000s
PDF statistics:
 792 PDF objects out of 300000
 253 named destinations out of 131072
 543 words of extra memory for PDF output out of 65536

! pdfTeX warning (dest): name{subsubsection.4.5.4} has been referenced but does
 not exist, replaced by a fixed one

! pdfTeX warning (dest): name{subsubsection.4.5.3} has been referenced but does
 not exist, replaced by a fixed one

! pdfTeX warning (dest): name{subsubsection.4.5.2} has been referenced but does
 not exist, replaced by a fixed one

! pdfTeX warning (dest): name{subsubsection.4.5.1} has been referenced but does
 not exist, replaced by a fixed one

! pdfTeX warning (dest): name{subsubsection.4.3.2} has been referenced but does
 not exist, replaced by a fixed one

! pdfTeX warning (dest): name{subsubsection.4.3.1} has been referenced but does
 not exist, replaced by a fixed one

</sw/share/texmf-dist/fonts/type1/bluesky/cm/cmti12.pfb></sw/share/texmf-dist/f
onts/type1/bluesky/cm/cmmi12.pfb></sw/share/texmf-dist/fonts/type1/bluesky/cm/c
mti7.pfb></sw/share/texmf-dist/fonts/type1/bluesky/cm/cmr6.pfb></sw/share/texmf
-dist/fonts/type1/bluesky/cm/cmsy6.pfb></sw/share/texmf-dist/fonts/type1/bluesk
y/cm/cmmi6.pfb></sw/share/texmf-dist/fonts/type1/bluesky/cm/cmr8.pfb></sw/share
/texmf-dist/fonts/type1/bluesky/cm/cmmi8.pfb></sw/share/texmf-dist/fonts/type1/
bluesky/cm/cmsy8.pfb></sw/share/texmf-dist/fonts/type1/bluesky/cm/cmex10.pfb></
sw/share/texmf-dist/fonts/type1/bluesky/cm/cmti8.pfb></sw/share/texmf-dist/font
s/type1/bluesky/cm/cmtt10.pfb></sw/share/texmf-dist/fonts/type1/bluesky/cm/cmsy
10.pfb></sw/share/texmf-dist/fonts/type1/bluesky/cm/cmti10.pfb></sw/share/texmf
-dist/fonts/type1/bluesky/cm/cmmi10.pfb></sw/share/texmf-dist/fonts/type1/blues
ky/cm/cmbx10.pfb></sw/share/texmf-dist/fonts/type1/bluesky/cm/cmbx12.pfb></sw/s
hare/texmf-dist/fonts/type1/bluesky/cm/cmr10.pfb></sw/share/texmf-dist/fonts/ty
pe1/bluesky/cm/cmr12.pfb></sw/share/texmf-dist/fonts/type1/bluesky/cm/cmcsc10.p
fb></sw/share/texmf-dist/fonts/type1/bluesky/cm/cmr17.pfb>
Output written on climax.pdf (51 pages, 575715 bytes).
